<?xml version="1.0" encoding="UTF-8"?>
<!-- Generated by org.testng.reporters.JUnitXMLReporter -->
<testsuite ignored="0" hostname="LAPTOP-CLSA8OGL" failures="0" tests="3" name="Surefire test" time="7.013" errors="0" timestamp="2025-10-16T12:14:01 EDT">
  <testcase classname="NewPackage.AutomationCodeTest" name="f" time="6.895"/>
  <testcase classname="NewPackage.NewTest" name="testlogin1" time="0.022"/>
  <testcase classname="NewPackage.NewTest" name="testlogin2" time="0.001"/>
</testsuite> <!-- Surefire test -->
