<?xml version="1.0" encoding="UTF-8"?>
<testng-results ignored="0" total="3" passed="3" failed="0" skipped="0">
  <reporter-output>
  </reporter-output>
  <suite started-at="2025-10-16T12:13:54 EDT" name="Surefire suite" finished-at="2025-10-16T12:14:01 EDT" duration-ms="7013">
    <groups>
    </groups>
    <test started-at="2025-10-16T12:13:54 EDT" name="Surefire test" finished-at="2025-10-16T12:14:01 EDT" duration-ms="7013">
      <class name="NewPackage.NewTest">
        <test-method signature="testlogin1()[pri:0, instance:NewPackage.NewTest@57d5872c]" started-at="2025-10-16T12:14:01 EDT" name="testlogin1" finished-at="2025-10-16T12:14:01 EDT" duration-ms="22" status="PASS">
          <reporter-output>
          </reporter-output>
        </test-method> <!-- testlogin1 -->
        <test-method signature="testlogin2()[pri:0, instance:NewPackage.NewTest@57d5872c]" started-at="2025-10-16T12:14:01 EDT" name="testlogin2" finished-at="2025-10-16T12:14:01 EDT" duration-ms="1" status="PASS">
          <reporter-output>
          </reporter-output>
        </test-method> <!-- testlogin2 -->
      </class> <!-- NewPackage.NewTest -->
      <class name="NewPackage.AutomationCodeTest">
        <test-method signature="f()[pri:0, instance:NewPackage.AutomationCodeTest@7f9fcf7f]" started-at="2025-10-16T12:13:54 EDT" name="f" finished-at="2025-10-16T12:14:01 EDT" duration-ms="6895" status="PASS">
          <reporter-output>
          </reporter-output>
        </test-method> <!-- f -->
      </class> <!-- NewPackage.AutomationCodeTest -->
    </test> <!-- Surefire test -->
  </suite> <!-- Surefire suite -->
</testng-results>
