<?xml version="1.0" encoding="UTF-8"?>
<testng-results ignored="0" total="1" passed="1" failed="0" skipped="0">
  <reporter-output>
  </reporter-output>
  <suite started-at="2025-10-16T10:24:44 EDT" name="Default suite" finished-at="2025-10-16T10:24:48 EDT" duration-ms="4149">
    <groups>
    </groups>
    <test started-at="2025-10-16T10:24:44 EDT" name="Default test" finished-at="2025-10-16T10:24:48 EDT" duration-ms="4149">
      <class name="NewPackage.AutomationCode">
        <test-method signature="f()[pri:0, instance:NewPackage.AutomationCode@4c583ecf]" started-at="2025-10-16T10:24:44 EDT" name="f" finished-at="2025-10-16T10:24:48 EDT" duration-ms="4091" status="PASS">
          <reporter-output>
          </reporter-output>
        </test-method> <!-- f -->
      </class> <!-- NewPackage.AutomationCode -->
    </test> <!-- Default test -->
  </suite> <!-- Default suite -->
</testng-results>
